\BOOKMARK [0][-]{chapter*.2}{\376\377\000W\000s\000t\001\031\000p}{}% 1
\BOOKMARK [0][-]{chapter.1}{\376\377\000O\000p\000i\000s\000\040\000z\000a\000s\000t\000o\000s\000o\000w\000a\000n\000e\000g\000o\000\040\000s\000t\000o\000s\000u\000\040\000t\000e\000c\000h\000n\000o\000l\000o\000g\000i\000c\000z\000n\000e\000g\000o\000\040\000i\000\040\000n\000a\000r\000z\001\031\000d\000z\000i}{}% 2
\BOOKMARK [1][-]{section.1.1}{\376\377\000J\001\031\000z\000y\000k\000i\000\040\000p\000r\000o\000g\000r\000a\000m\000o\000w\000a\000n\000i\000a}{chapter.1}% 3
\BOOKMARK [1][-]{section.1.2}{\376\377\000F\000r\000a\000m\000e\000w\000o\000r\000k\000i\000\040\000i\000\040\000b\000i\000b\000l\000i\000o\000t\000e\000k\000i}{chapter.1}% 4
\BOOKMARK [1][-]{section.1.3}{\376\377\000K\000o\000m\000u\000n\000i\000k\000a\000c\000j\000a\000\040\000f\000r\000o\000n\000t\000e\000n\000d\000-\000b\000a\000c\000k\000e\000n\000d}{chapter.1}% 5
\BOOKMARK [1][-]{section.1.4}{\376\377\000Z\000a\000r\000z\001\005\000d\000z\000a\000n\000i\000e\000\040\000s\000t\000a\000n\000e\000m\000\040\000i\000\040\000b\000e\000z\000p\000i\000e\000c\000z\000e\001\104\000s\000t\000w\000o}{chapter.1}% 6
\BOOKMARK [1][-]{section.1.5}{\376\377\000W\000e\000r\000s\000j\000e\000\040\000k\000l\000u\000c\000z\000o\000w\000y\000c\000h\000\040\000t\000e\000c\000h\000n\000o\000l\000o\000g\000i\000i}{chapter.1}% 7
\BOOKMARK [1][-]{section.1.6}{\376\377\000I\000n\000n\000e\000\040\000n\000a\000r\000z\001\031\000d\000z\000i\000a\000\040\000i\000\040\000d\000o\000b\000r\000e\000\040\000p\000r\000a\000k\000t\000y\000k\000i}{chapter.1}% 8
\BOOKMARK [0][-]{chapter.2}{\376\377\000I\000n\000s\000t\000r\000u\000k\000c\000j\000a\000\040\000u\000r\000u\000c\000h\000o\000m\000i\000e\000n\000i\000a\000\040\000a\000p\000l\000i\000k\000a\000c\000j\000i}{}% 9
\BOOKMARK [1][-]{section.2.1}{\376\377\000W\000y\000m\000a\000g\000a\000n\000i\000a\000\040\000s\000y\000s\000t\000e\000m\000o\000w\000e}{chapter.2}% 10
\BOOKMARK [1][-]{section.2.2}{\376\377\000I\000n\000s\000t\000a\000l\000a\000c\000j\000a\000\040\000z\000a\000l\000e\001\174\000n\000o\001\133\000c\000i}{chapter.2}% 11
\BOOKMARK [1][-]{section.2.3}{\376\377\000K\000o\000n\000f\000i\000g\000u\000r\000a\000c\000j\000a\000\040\000b\000a\000z\000y\000\040\000d\000a\000n\000y\000c\000h}{chapter.2}% 12
\BOOKMARK [1][-]{section.2.4}{\376\377\000U\000r\000u\000c\000h\000a\000m\000i\000a\000n\000i\000e\000\040\000b\000a\000c\000k\000e\000n\000d\000u}{chapter.2}% 13
\BOOKMARK [1][-]{section.2.5}{\376\377\000U\000r\000u\000c\000h\000a\000m\000i\000a\000n\000i\000e\000\040\000f\000r\000o\000n\000t\000e\000n\000d\000u}{chapter.2}% 14
\BOOKMARK [1][-]{section.2.6}{\376\377\000D\000o\000s\000t\001\031\000p\000\040\000d\000o\000\040\000a\000p\000l\000i\000k\000a\000c\000j\000i}{chapter.2}% 15
\BOOKMARK [1][-]{section.2.7}{\376\377\000N\000a\000j\000c\000z\001\031\000s\000t\000s\000z\000e\000\040\000p\000r\000o\000b\000l\000e\000m\000y\000\040\000i\000\040\000w\000s\000k\000a\000z\000\363\000w\000k\000i}{chapter.2}% 16
\BOOKMARK [0][-]{chapter.3}{\376\377\000D\000i\000a\000g\000r\000a\000m\000\040\000b\000a\000z\000y\000\040\000d\000a\000n\000y\000c\000h}{}% 17
\BOOKMARK [0][-]{chapter.4}{\376\377\000D\000i\000a\000g\000r\000a\000m\000\040\000p\000r\000z\000y\000p\000a\000d\000k\000\363\000w\000\040\000u\001\174\000y\000c\000i\000a\000\040\000U\000M\000L}{}% 18
\BOOKMARK [0][-]{chapter.5}{\376\377\000O\000p\000i\000s\000\040\000k\000l\000u\000c\000z\000o\000w\000y\000c\000h\000\040\000e\000l\000e\000m\000e\000n\000t\000\363\000w\000\040\000b\000a\000c\000k\000-\000e\000n\000d\000u}{}% 19
\BOOKMARK [0][-]{chapter.6}{\376\377\000P\000r\000z\000y\000p\000a\000d\000k\000i\000\040\000t\000e\000s\000t\000o\000w\000e}{}% 20
\BOOKMARK [1][-]{section.6.1}{\376\377\000T\000e\000s\000t\000y\000\040\000b\000a\000c\000k\000e\000n\000d\000u\000\040\000\050\000A\000P\000I\000\051}{chapter.6}% 21
\BOOKMARK [1][-]{section.6.2}{\376\377\000T\000e\000s\000t\000y\000\040\000f\000r\000o\000n\000t\000e\000n\000d\000u\000\040\000\050\000U\000I\000\051}{chapter.6}% 22
\BOOKMARK [0][-]{chapter.7}{\376\377\000P\000l\000a\000n\000o\000w\000a\000n\000e\000\040\000p\000l\000a\000c\000e\000\040\000r\000o\000z\000w\000o\000j\000o\000w\000e}{}% 23
\BOOKMARK [1][-]{section.7.1}{\376\377\000R\000o\000z\000s\000z\000e\000r\000z\000e\000n\000i\000a\000\040\000f\000u\000n\000k\000c\000j\000o\000n\000a\000l\000n\000o\001\133\000c\000i\000\040\000g\000r\000y}{chapter.7}% 24
\BOOKMARK [1][-]{section.7.2}{\376\377\000R\000o\000z\000s\000z\000e\000r\000z\000e\000n\000i\000a\000\040\000t\000e\000c\000h\000n\000i\000c\000z\000n\000e}{chapter.7}% 25
\BOOKMARK [1][-]{section.7.3}{\376\377\000R\000o\000z\000s\000z\000e\000r\000z\000e\000n\000i\000a\000\040\000i\000n\000t\000e\000r\000f\000e\000j\000s\000u\000\040\000u\001\174\000y\000t\000k\000o\000w\000n\000i\000k\000a}{chapter.7}% 26
\BOOKMARK [1][-]{section.7.4}{\376\377\000R\000o\000z\000s\000z\000e\000r\000z\000e\000n\000i\000a\000\040\000s\000p\000o\001\102\000e\000c\000z\000n\000o\001\133\000c\000i\000o\000w\000e}{chapter.7}% 27
\BOOKMARK [0][-]{chapter*.3}{\376\377\000B\000i\000b\000l\000i\000o\000g\000r\000a\000f\000i\000a}{}% 28
\BOOKMARK [0][-]{chapter*.3}{\376\377\000S\000p\000i\000s\000\040\000r\000y\000s\000u\000n\000k\000\363\000w}{}% 29
\BOOKMARK [0][-]{chapter*.4}{\376\377\000S\000p\000i\000s\000\040\000t\000a\000b\000l\000i\000c}{}% 30
